<?xml version="1.0" encoding="UTF-8"?>
<testsuite xmlns:xsi="http://www.w3.org/2001/XMLSchema-instance" xsi:noNamespaceSchemaLocation="https://maven.apache.org/surefire/maven-surefire-plugin/xsd/surefire-test-report.xsd" version="3.0.2" name="Tree.RedBlackTreeTest" time="0.164" tests="6" errors="0" skipped="0" failures="0">
  <properties>
[...]
</properties>
  <testcase name="testRandomOperations" classname="Tree.RedBlackTreeTest" time="0.138">
    <system-out><![CDATA[23:25:52 [main] INFO  Tree.RedBlackTree$RBValidator - validation is successful
23:25:52 [main] INFO  Tree.RedBlackTree$RBValidator - validation is successful
23:25:52 [main] INFO  Tree.RedBlackTree$RBValidator - validation is successful
23:25:52 [main] INFO  Tree.RedBlackTree$RBValidator - validation is successful
23:25:52 [main] INFO  Tree.RedBlackTree$RBValidator - validation is successful
23:25:52 [main] INFO  Tree.RedBlackTree$RBValidator - validation is successful
23:25:52 [main] INFO  Tree.RedBlackTree$RBValidator - validation is successful
23:25:52 [main] INFO  Tree.RedBlackTree$RBValidator - validation is successful
23:25:52 [main] INFO  Tree.RedBlackTree$RBValidator - validation is successful
23:25:52 [main] INFO  Tree.RedBlackTree$RBValidator - validation is successful
23:25:52 [main] INFO  Tree.RedBlackTree$RBValidator - validation is successful
23:25:52 [main] INFO  Tree.RedBlackTree$RBValidator - validation is successful
23:25:52 [main] INFO  Tree.RedBlackTree$RBValidator - validation is successful
23:25:52 [main] INFO  Tree.RedBlackTree$RBValidator - validation is successful
23:25:52 [main] INFO  Tree.RedBlackTree$RBValidator - validation is successful
23:25:52 [main] INFO  Tree.RedBlackTree$RBValidator - validation is successful
23:25:52 [main] INFO  Tree.RedBlackTree$RBValidator - validation is successful
23:25:52 [main] INFO  Tree.RedBlackTree$RBValidator - validation is successful
23:25:52 [main] INFO  Tree.RedBlackTree$RBValidator - validation is successful
23:25:52 [main] INFO  Tree.RedBlackTree$RBValidator - validation is successful
23:25:52 [main] INFO  Tree.RedBlackTree$RBValidator - validation is successful
23:25:52 [main] INFO  Tree.RedBlackTree$RBValidator - validation is successful
23:25:52 [main] INFO  Tree.RedBlackTree$RBValidator - validation is successful
23:25:52 [main] INFO  Tree.RedBlackTree$RBValidator - validation is successful
23:25:52 [main] INFO  Tree.RedBlackTree$RBValidator - validation is successful
23:25:52 [main] INFO  Tree.RedBlackTree$RBValidator - validation is successful
23:25:52 [main] INFO  Tree.RedBlackTree$RBValidator - validation is successful
23:25:52 [main] INFO  Tree.RedBlackTree$RBValidator - validation is successful
23:25:52 [main] INFO  Tree.RedBlackTree$RBValidator - validation is successful
23:25:52 [main] INFO  Tree.RedBlackTree$RBValidator - validation is successful
23:25:52 [main] INFO  Tree.RedBlackTree$RBValidator - validation is successful
23:25:52 [main] INFO  Tree.RedBlackTree$RBValidator - validation is successful
23:25:52 [main] INFO  Tree.RedBlackTree$RBValidator - validation is successful
23:25:52 [main] INFO  Tree.RedBlackTree$RBValidator - validation is successful
23:25:52 [main] INFO  Tree.RedBlackTree$RBValidator - validation is successful
23:25:52 [main] INFO  Tree.RedBlackTree$RBValidator - validation is successful
23:25:52 [main] INFO  Tree.RedBlackTree$RBValidator - validation is successful
23:25:52 [main] INFO  Tree.RedBlackTree$RBValidator - validation is successful
23:25:52 [main] INFO  Tree.RedBlackTree$RBValidator - validation is successful
23:25:52 [main] INFO  Tree.RedBlackTree$RBValidator - validation is successful
23:25:52 [main] INFO  Tree.RedBlackTree$RBValidator - validation is successful
23:25:52 [main] INFO  Tree.RedBlackTree$RBValidator - validation is successful
23:25:52 [main] INFO  Tree.RedBlackTree$RBValidator - validation is successful
23:25:52 [main] INFO  Tree.RedBlackTree$RBValidator - validation is successful
23:25:52 [main] INFO  Tree.RedBlackTree$RBValidator - validation is successful
23:25:52 [main] INFO  Tree.RedBlackTree$RBValidator - validation is successful
23:25:52 [main] INFO  Tree.RedBlackTree$RBValidator - validation is successful
23:25:52 [main] INFO  Tree.RedBlackTree$RBValidator - validation is successful
23:25:52 [main] INFO  Tree.RedBlackTree$RBValidator - validation is successful
23:25:52 [main] INFO  Tree.RedBlackTree$RBValidator - validation is successful
23:25:52 [main] INFO  Tree.RedBlackTree$RBValidator - validation is successful
23:25:52 [main] INFO  Tree.RedBlackTree$RBValidator - validation is successful
23:25:52 [main] INFO  Tree.RedBlackTree$RBValidator - validation is successful
23:25:52 [main] INFO  Tree.RedBlackTree$RBValidator - validation is successful
23:25:52 [main] INFO  Tree.RedBlackTree$RBValidator - validation is successful
23:25:52 [main] INFO  Tree.RedBlackTree$RBValidator - validation is successful
23:25:52 [main] INFO  Tree.RedBlackTree$RBValidator - validation is successful
23:25:52 [main] INFO  Tree.RedBlackTree$RBValidator - validation is successful
23:25:52 [main] INFO  Tree.RedBlackTree$RBValidator - validation is successful
23:25:52 [main] INFO  Tree.RedBlackTree$RBValidator - validation is successful
23:25:52 [main] INFO  Tree.RedBlackTree$RBValidator - validation is successful
23:25:52 [main] INFO  Tree.RedBlackTree$RBValidator - validation is successful
23:25:52 [main] INFO  Tree.RedBlackTree$RBValidator - validation is successful
23:25:52 [main] INFO  Tree.RedBlackTree$RBValidator - validation is successful
23:25:52 [main] INFO  Tree.RedBlackTree$RBValidator - validation is successful
23:25:52 [main] INFO  Tree.RedBlackTree$RBValidator - validation is successful
23:25:52 [main] INFO  Tree.RedBlackTree$RBValidator - validation is successful
23:25:52 [main] INFO  Tree.RedBlackTree$RBValidator - validation is successful
23:25:52 [main] INFO  Tree.RedBlackTree$RBValidator - validation is successful
23:25:52 [main] INFO  Tree.RedBlackTree$RBValidator - validation is successful
23:25:52 [main] INFO  Tree.RedBlackTree$RBValidator - validation is successful
23:25:52 [main] INFO  Tree.RedBlackTree$RBValidator - validation is successful
23:25:52 [main] INFO  Tree.RedBlackTree$RBValidator - validation is successful
23:25:52 [main] INFO  Tree.RedBlackTree$RBValidator - validation is successful
23:25:52 [main] INFO  Tree.RedBlackTree$RBValidator - validation is successful
23:25:52 [main] INFO  Tree.RedBlackTree$RBValidator - validation is successful
23:25:52 [main] INFO  Tree.RedBlackTree$RBValidator - validation is successful
23:25:52 [main] INFO  Tree.RedBlackTree$RBValidator - validation is successful
23:25:52 [main] INFO  Tree.RedBlackTree$RBValidator - validation is successful
23:25:52 [main] INFO  Tree.RedBlackTree$RBValidator - validation is successful
23:25:52 [main] INFO  Tree.RedBlackTree$RBValidator - validation is successful
23:25:52 [main] INFO  Tree.RedBlackTree$RBValidator - validation is successful
23:25:52 [main] INFO  Tree.RedBlackTree$RBValidator - validation is successful
23:25:52 [main] INFO  Tree.RedBlackTree$RBValidator - validation is successful
23:25:52 [main] INFO  Tree.RedBlackTree$RBValidator - validation is successful
23:25:52 [main] INFO  Tree.RedBlackTree$RBValidator - validation is successful
23:25:52 [main] INFO  Tree.RedBlackTree$RBValidator - validation is successful
23:25:52 [main] INFO  Tree.RedBlackTree$RBValidator - validation is successful
23:25:52 [main] INFO  Tree.RedBlackTree$RBValidator - validation is successful
23:25:52 [main] INFO  Tree.RedBlackTree$RBValidator - validation is successful
23:25:52 [main] INFO  Tree.RedBlackTree$RBValidator - validation is successful
23:25:52 [main] INFO  Tree.RedBlackTree$RBValidator - validation is successful
23:25:52 [main] INFO  Tree.RedBlackTree$RBValidator - validation is successful
23:25:52 [main] INFO  Tree.RedBlackTree$RBValidator - validation is successful
23:25:52 [main] INFO  Tree.RedBlackTree$RBValidator - validation is successful
23:25:52 [main] INFO  Tree.RedBlackTree$RBValidator - validation is successful
23:25:52 [main] INFO  Tree.RedBlackTree$RBValidator - validation is successful
23:25:52 [main] INFO  Tree.RedBlackTree$RBValidator - validation is successful
23:25:52 [main] INFO  Tree.RedBlackTree$RBValidator - validation is successful
23:25:52 [main] INFO  Tree.RedBlackTree$RBValidator - validation is successful
23:25:52 [main] INFO  Tree.RedBlackTree$RBValidator - validation is successful
23:25:52 [main] INFO  Tree.RedBlackTree$RBValidator - validation is successful
23:25:52 [main] INFO  Tree.RedBlackTree$RBValidator - validation is successful
23:25:52 [main] INFO  Tree.RedBlackTree$RBValidator - validation is successful
23:25:52 [main] INFO  Tree.RedBlackTree$RBValidator - validation is successful
23:25:52 [main] INFO  Tree.RedBlackTree$RBValidator - validation is successful
23:25:52 [main] INFO  Tree.RedBlackTree$RBValidator - validation is successful
23:25:52 [main] INFO  Tree.RedBlackTree$RBValidator - validation is successful
23:25:52 [main] INFO  Tree.RedBlackTree$RBValidator - validation is successful
23:25:52 [main] INFO  Tree.RedBlackTree$RBValidator - validation is successful
23:25:52 [main] INFO  Tree.RedBlackTree$RBValidator - validation is successful
23:25:52 [main] INFO  Tree.RedBlackTree$RBValidator - validation is successful
23:25:52 [main] INFO  Tree.RedBlackTree$RBValidator - validation is successful
23:25:52 [main] INFO  Tree.RedBlackTree$RBValidator - validation is successful
23:25:52 [main] INFO  Tree.RedBlackTree$RBValidator - validation is successful
23:25:52 [main] INFO  Tree.RedBlackTree$RBValidator - validation is successful
23:25:52 [main] INFO  Tree.RedBlackTree$RBValidator - validation is successful
23:25:52 [main] INFO  Tree.RedBlackTree$RBValidator - validation is successful
23:25:52 [main] INFO  Tree.RedBlackTree$RBValidator - validation is successful
23:25:52 [main] INFO  Tree.RedBlackTree$RBValidator - validation is successful
23:25:52 [main] INFO  Tree.RedBlackTree$RBValidator - validation is successful
23:25:52 [main] INFO  Tree.RedBlackTree$RBValidator - validation is successful
23:25:52 [main] INFO  Tree.RedBlackTree$RBValidator - validation is successful
23:25:52 [main] INFO  Tree.RedBlackTree$RBValidator - validation is successful
23:25:52 [main] INFO  Tree.RedBlackTree$RBValidator - validation is successful
23:25:52 [main] INFO  Tree.RedBlackTree$RBValidator - validation is successful
23:25:52 [main] INFO  Tree.RedBlackTree$RBValidator - validation is successful
23:25:52 [main] INFO  Tree.RedBlackTree$RBValidator - validation is successful
23:25:52 [main] INFO  Tree.RedBlackTree$RBValidator - validation is successful
23:25:52 [main] INFO  Tree.RedBlackTree$RBValidator - validation is successful
23:25:52 [main] INFO  Tree.RedBlackTree$RBValidator - validation is successful
23:25:52 [main] INFO  Tree.RedBlackTree$RBValidator - validation is successful
23:25:52 [main] INFO  Tree.RedBlackTree$RBValidator - validation is successful
23:25:52 [main] INFO  Tree.RedBlackTree$RBValidator - validation is successful
23:25:52 [main] INFO  Tree.RedBlackTree$RBValidator - validation is successful
23:25:52 [main] INFO  Tree.RedBlackTree$RBValidator - validation is successful
23:25:52 [main] INFO  Tree.RedBlackTree$RBValidator - validation is successful
23:25:52 [main] INFO  Tree.RedBlackTree$RBValidator - validation is successful
23:25:52 [main] INFO  Tree.RedBlackTree$RBValidator - validation is successful
23:25:52 [main] INFO  Tree.RedBlackTree$RBValidator - validation is successful
23:25:52 [main] INFO  Tree.RedBlackTree$RBValidator - validation is successful
23:25:52 [main] INFO  Tree.RedBlackTree$RBValidator - validation is successful
23:25:52 [main] INFO  Tree.RedBlackTree$RBValidator - validation is successful
23:25:52 [main] INFO  Tree.RedBlackTree$RBValidator - validation is successful
23:25:52 [main] INFO  Tree.RedBlackTree$RBValidator - validation is successful
23:25:52 [main] INFO  Tree.RedBlackTree$RBValidator - validation is successful
23:25:52 [main] INFO  Tree.RedBlackTree$RBValidator - validation is successful
23:25:52 [main] INFO  Tree.RedBlackTree$RBValidator - validation is successful
23:25:52 [main] INFO  Tree.RedBlackTree$RBValidator - validation is successful
23:25:52 [main] INFO  Tree.RedBlackTree$RBValidator - validation is successful
23:25:52 [main] INFO  Tree.RedBlackTree$RBValidator - validation is successful
23:25:52 [main] INFO  Tree.RedBlackTree$RBValidator - validation is successful
23:25:52 [main] INFO  Tree.RedBlackTree$RBValidator - validation is successful
23:25:52 [main] INFO  Tree.RedBlackTree$RBValidator - validation is successful
23:25:52 [main] INFO  Tree.RedBlackTree$RBValidator - validation is successful
23:25:52 [main] INFO  Tree.RedBlackTree$RBValidator - validation is successful
23:25:52 [main] INFO  Tree.RedBlackTree$RBValidator - validation is successful
23:25:52 [main] INFO  Tree.RedBlackTree$RBValidator - validation is successful
23:25:52 [main] INFO  Tree.RedBlackTree$RBValidator - validation is successful
23:25:52 [main] INFO  Tree.RedBlackTree$RBValidator - validation is successful
23:25:52 [main] INFO  Tree.RedBlackTree$RBValidator - validation is successful
23:25:52 [main] INFO  Tree.RedBlackTree$RBValidator - validation is successful
23:25:52 [main] INFO  Tree.RedBlackTree$RBValidator - validation is successful
23:25:52 [main] INFO  Tree.RedBlackTree$RBValidator - validation is successful
23:25:52 [main] INFO  Tree.RedBlackTree$RBValidator - validation is successful
23:25:52 [main] INFO  Tree.RedBlackTree$RBValidator - validation is successful
23:25:52 [main] INFO  Tree.RedBlackTree$RBValidator - validation is successful
23:25:52 [main] INFO  Tree.RedBlackTree$RBValidator - validation is successful
23:25:52 [main] INFO  Tree.RedBlackTree$RBValidator - validation is successful
23:25:52 [main] INFO  Tree.RedBlackTree$RBValidator - validation is successful
23:25:52 [main] INFO  Tree.RedBlackTree$RBValidator - validation is successful
23:25:52 [main] INFO  Tree.RedBlackTree$RBValidator - validation is successful
23:25:52 [main] INFO  Tree.RedBlackTree$RBValidator - validation is successful
23:25:52 [main] INFO  Tree.RedBlackTree$RBValidator - validation is successful
23:25:52 [main] INFO  Tree.RedBlackTree$RBValidator - validation is successful
23:25:52 [main] INFO  Tree.RedBlackTree$RBValidator - validation is successful
23:25:52 [main] INFO  Tree.RedBlackTree$RBValidator - validation is successful
23:25:52 [main] INFO  Tree.RedBlackTree$RBValidator - validation is successful
23:25:52 [main] INFO  Tree.RedBlackTree$RBValidator - validation is successful
23:25:52 [main] INFO  Tree.RedBlackTree$RBValidator - validation is successful
23:25:52 [main] INFO  Tree.RedBlackTree$RBValidator - validation is successful
23:25:52 [main] INFO  Tree.RedBlackTree$RBValidator - validation is successful
23:25:52 [main] INFO  Tree.RedBlackTree$RBValidator - validation is successful
23:25:52 [main] INFO  Tree.RedBlackTree$RBValidator - validation is successful
23:25:52 [main] INFO  Tree.RedBlackTree$RBValidator - validation is successful
23:25:52 [main] INFO  Tree.RedBlackTree$RBValidator - validation is successful
23:25:52 [main] INFO  Tree.RedBlackTree$RBValidator - validation is successful
23:25:52 [main] INFO  Tree.RedBlackTree$RBValidator - validation is successful
23:25:52 [main] INFO  Tree.RedBlackTree$RBValidator - validation is successful
23:25:52 [main] INFO  Tree.RedBlackTree$RBValidator - validation is successful
23:25:52 [main] INFO  Tree.RedBlackTree$RBValidator - validation is successful
23:25:52 [main] INFO  Tree.RedBlackTree$RBValidator - validation is successful
23:25:52 [main] INFO  Tree.RedBlackTree$RBValidator - validation is successful
23:25:52 [main] INFO  Tree.RedBlackTree$RBValidator - validation is successful
23:25:52 [main] INFO  Tree.RedBlackTree$RBValidator - validation is successful
23:25:52 [main] INFO  Tree.RedBlackTree$RBValidator - validation is successful
23:25:52 [main] INFO  Tree.RedBlackTree$RBValidator - validation is successful
23:25:52 [main] INFO  Tree.RedBlackTree$RBValidator - validation is successful
23:25:52 [main] INFO  Tree.RedBlackTree$RBValidator - validation is successful
23:25:52 [main] INFO  Tree.RedBlackTree$RBValidator - validation is successful
23:25:52 [main] INFO  Tree.RedBlackTree$RBValidator - validation is successful
23:25:52 [main] INFO  Tree.RedBlackTree$RBValidator - validation is successful
23:25:52 [main] INFO  Tree.RedBlackTree$RBValidator - validation is successful
23:25:52 [main] INFO  Tree.RedBlackTree$RBValidator - validation is successful
23:25:52 [main] INFO  Tree.RedBlackTree$RBValidator - validation is successful
23:25:52 [main] INFO  Tree.RedBlackTree$RBValidator - validation is successful
23:25:52 [main] INFO  Tree.RedBlackTree$RBValidator - validation is successful
23:25:52 [main] INFO  Tree.RedBlackTree$RBValidator - validation is successful
23:25:52 [main] INFO  Tree.RedBlackTree$RBValidator - validation is successful
23:25:52 [main] INFO  Tree.RedBlackTree$RBValidator - validation is successful
23:25:52 [main] INFO  Tree.RedBlackTree$RBValidator - validation is successful
23:25:52 [main] INFO  Tree.RedBlackTree$RBValidator - validation is successful
23:25:52 [main] INFO  Tree.RedBlackTree$RBValidator - validation is successful
23:25:52 [main] INFO  Tree.RedBlackTree$RBValidator - validation is successful
23:25:52 [main] INFO  Tree.RedBlackTree$RBValidator - validation is successful
23:25:52 [main] INFO  Tree.RedBlackTree$RBValidator - validation is successful
23:25:52 [main] INFO  Tree.RedBlackTree$RBValidator - validation is successful
23:25:52 [main] INFO  Tree.RedBlackTree$RBValidator - validation is successful
23:25:52 [main] INFO  Tree.RedBlackTree$RBValidator - validation is successful
23:25:52 [main] INFO  Tree.RedBlackTree$RBValidator - validation is successful
23:25:52 [main] INFO  Tree.RedBlackTree$RBValidator - validation is successful
23:25:52 [main] INFO  Tree.RedBlackTree$RBValidator - validation is successful
23:25:52 [main] INFO  Tree.RedBlackTree$RBValidator - validation is successful
23:25:52 [main] INFO  Tree.RedBlackTree$RBValidator - validation is successful
23:25:52 [main] INFO  Tree.RedBlackTree$RBValidator - validation is successful
23:25:52 [main] INFO  Tree.RedBlackTree$RBValidator - validation is successful
23:25:52 [main] INFO  Tree.RedBlackTree$RBValidator - validation is successful
23:25:52 [main] INFO  Tree.RedBlackTree$RBValidator - validation is successful
23:25:52 [main] INFO  Tree.RedBlackTree$RBValidator - validation is successful
23:25:52 [main] INFO  Tree.RedBlackTree$RBValidator - validation is successful
23:25:52 [main] INFO  Tree.RedBlackTree$RBValidator - validation is successful
23:25:52 [main] INFO  Tree.RedBlackTree$RBValidator - validation is successful
23:25:52 [main] INFO  Tree.RedBlackTree$RBValidator - validation is successful
23:25:52 [main] INFO  Tree.RedBlackTree$RBValidator - validation is successful
23:25:52 [main] INFO  Tree.RedBlackTree$RBValidator - validation is successful
23:25:52 [main] INFO  Tree.RedBlackTree$RBValidator - validation is successful
23:25:52 [main] INFO  Tree.RedBlackTree$RBValidator - validation is successful
23:25:52 [main] INFO  Tree.RedBlackTree$RBValidator - validation is successful
23:25:52 [main] INFO  Tree.RedBlackTree$RBValidator - validation is successful
23:25:52 [main] INFO  Tree.RedBlackTree$RBValidator - validation is successful
23:25:52 [main] INFO  Tree.RedBlackTree$RBValidator - validation is successful
23:25:52 [main] INFO  Tree.RedBlackTree$RBValidator - validation is successful
23:25:52 [main] INFO  Tree.RedBlackTree$RBValidator - validation is successful
23:25:52 [main] INFO  Tree.RedBlackTree$RBValidator - validation is successful
23:25:52 [main] INFO  Tree.RedBlackTree$RBValidator - validation is successful
23:25:52 [main] INFO  Tree.RedBlackTree$RBValidator - validation is successful
23:25:52 [main] INFO  Tree.RedBlackTree$RBValidator - validation is successful
23:25:52 [main] INFO  Tree.RedBlackTree$RBValidator - validation is successful
23:25:52 [main] INFO  Tree.RedBlackTree$RBValidator - validation is successful
23:25:52 [main] INFO  Tree.RedBlackTree$RBValidator - validation is successful
23:25:52 [main] INFO  Tree.RedBlackTree$RBValidator - validation is successful
23:25:52 [main] INFO  Tree.RedBlackTree$RBValidator - validation is successful
23:25:52 [main] INFO  Tree.RedBlackTree$RBValidator - validation is successful
23:25:52 [main] INFO  Tree.RedBlackTree$RBValidator - validation is successful
23:25:52 [main] INFO  Tree.RedBlackTree$RBValidator - validation is successful
23:25:52 [main] INFO  Tree.RedBlackTree$RBValidator - validation is successful
23:25:52 [main] INFO  Tree.RedBlackTree$RBValidator - validation is successful
23:25:52 [main] INFO  Tree.RedBlackTree$RBValidator - validation is successful
23:25:52 [main] INFO  Tree.RedBlackTree$RBValidator - validation is successful
23:25:52 [main] INFO  Tree.RedBlackTree$RBValidator - validation is successful
23:25:52 [main] INFO  Tree.RedBlackTree$RBValidator - validation is successful
23:25:52 [main] INFO  Tree.RedBlackTree$RBValidator - validation is successful
23:25:52 [main] INFO  Tree.RedBlackTree$RBValidator - validation is successful
23:25:52 [main] INFO  Tree.RedBlackTree$RBValidator - validation is successful
23:25:52 [main] INFO  Tree.RedBlackTree$RBValidator - validation is successful
23:25:52 [main] INFO  Tree.RedBlackTree$RBValidator - validation is successful
23:25:52 [main] INFO  Tree.RedBlackTree$RBValidator - validation is successful
23:25:52 [main] INFO  Tree.RedBlackTree$RBValidator - validation is successful
23:25:52 [main] INFO  Tree.RedBlackTree$RBValidator - validation is successful
23:25:52 [main] INFO  Tree.RedBlackTree$RBValidator - validation is successful
23:25:52 [main] INFO  Tree.RedBlackTree$RBValidator - validation is successful
23:25:52 [main] INFO  Tree.RedBlackTree$RBValidator - validation is successful
23:25:52 [main] INFO  Tree.RedBlackTree$RBValidator - validation is successful
23:25:52 [main] INFO  Tree.RedBlackTree$RBValidator - validation is successful
23:25:52 [main] INFO  Tree.RedBlackTree$RBValidator - validation is successful
23:25:52 [main] INFO  Tree.RedBlackTree$RBValidator - validation is successful
23:25:52 [main] INFO  Tree.RedBlackTree$RBValidator - validation is successful
23:25:52 [main] INFO  Tree.RedBlackTree$RBValidator - validation is successful
23:25:52 [main] INFO  Tree.RedBlackTree$RBValidator - validation is successful
23:25:52 [main] INFO  Tree.RedBlackTree$RBValidator - validation is successful
23:25:52 [main] INFO  Tree.RedBlackTree$RBValidator - validation is successful
23:25:52 [main] INFO  Tree.RedBlackTree$RBValidator - validation is successful
23:25:52 [main] INFO  Tree.RedBlackTree$RBValidator - validation is successful
23:25:52 [main] INFO  Tree.RedBlackTree$RBValidator - validation is successful
23:25:52 [main] INFO  Tree.RedBlackTree$RBValidator - validation is successful
23:25:52 [main] INFO  Tree.RedBlackTree$RBValidator - validation is successful
23:25:52 [main] INFO  Tree.RedBlackTree$RBValidator - validation is successful
23:25:52 [main] INFO  Tree.RedBlackTree$RBValidator - validation is successful
23:25:52 [main] INFO  Tree.RedBlackTree$RBValidator - validation is successful
23:25:52 [main] INFO  Tree.RedBlackTree$RBValidator - validation is successful
23:25:52 [main] INFO  Tree.RedBlackTree$RBValidator - validation is successful
23:25:52 [main] INFO  Tree.RedBlackTree$RBValidator - validation is successful
23:25:52 [main] INFO  Tree.RedBlackTree$RBValidator - validation is successful
23:25:52 [main] INFO  Tree.RedBlackTree$RBValidator - validation is successful
23:25:52 [main] INFO  Tree.RedBlackTree$RBValidator - validation is successful
23:25:52 [main] INFO  Tree.RedBlackTree$RBValidator - validation is successful
23:25:52 [main] INFO  Tree.RedBlackTree$RBValidator - validation is successful
23:25:52 [main] INFO  Tree.RedBlackTree$RBValidator - validation is successful
23:25:52 [main] INFO  Tree.RedBlackTree$RBValidator - validation is successful
23:25:52 [main] INFO  Tree.RedBlackTree$RBValidator - validation is successful
23:25:52 [main] INFO  Tree.RedBlackTree$RBValidator - validation is successful
23:25:52 [main] INFO  Tree.RedBlackTree$RBValidator - validation is successful
23:25:52 [main] INFO  Tree.RedBlackTree$RBValidator - validation is successful
23:25:52 [main] INFO  Tree.RedBlackTree$RBValidator - validation is successful
23:25:52 [main] INFO  Tree.RedBlackTree$RBValidator - validation is successful
23:25:52 [main] INFO  Tree.RedBlackTree$RBValidator - validation is successful
23:25:52 [main] INFO  Tree.RedBlackTree$RBValidator - validation is successful
23:25:52 [main] INFO  Tree.RedBlackTree$RBValidator - validation is successful
23:25:52 [main] INFO  Tree.RedBlackTree$RBValidator - validation is successful
23:25:52 [main] INFO  Tree.RedBlackTree$RBValidator - validation is successful
23:25:52 [main] INFO  Tree.RedBlackTree$RBValidator - validation is successful
23:25:52 [main] INFO  Tree.RedBlackTree$RBValidator - validation is successful
23:25:52 [main] INFO  Tree.RedBlackTree$RBValidator - validation is successful
23:25:52 [main] INFO  Tree.RedBlackTree$RBValidator - validation is successful
23:25:52 [main] INFO  Tree.RedBlackTree$RBValidator - validation is successful
23:25:52 [main] INFO  Tree.RedBlackTree$RBValidator - validation is successful
23:25:52 [main] INFO  Tree.RedBlackTree$RBValidator - validation is successful
23:25:52 [main] INFO  Tree.RedBlackTree$RBValidator - validation is successful
23:25:52 [main] INFO  Tree.RedBlackTree$RBValidator - validation is successful
23:25:52 [main] INFO  Tree.RedBlackTree$RBValidator - validation is successful
23:25:52 [main] INFO  Tree.RedBlackTree$RBValidator - validation is successful
23:25:52 [main] INFO  Tree.RedBlackTree$RBValidator - validation is successful
23:25:52 [main] INFO  Tree.RedBlackTree$RBValidator - validation is successful
23:25:52 [main] INFO  Tree.RedBlackTree$RBValidator - validation is successful
23:25:52 [main] INFO  Tree.RedBlackTree$RBValidator - validation is successful
23:25:52 [main] INFO  Tree.RedBlackTree$RBValidator - validation is successful
23:25:52 [main] INFO  Tree.RedBlackTree$RBValidator - validation is successful
23:25:52 [main] INFO  Tree.RedBlackTree$RBValidator - validation is successful
23:25:52 [main] INFO  Tree.RedBlackTree$RBValidator - validation is successful
23:25:52 [main] INFO  Tree.RedBlackTree$RBValidator - validation is successful
23:25:52 [main] INFO  Tree.RedBlackTree$RBValidator - validation is successful
23:25:52 [main] INFO  Tree.RedBlackTree$RBValidator - validation is successful
23:25:52 [main] INFO  Tree.RedBlackTree$RBValidator - validation is successful
23:25:52 [main] INFO  Tree.RedBlackTree$RBValidator - validation is successful
23:25:52 [main] INFO  Tree.RedBlackTree$RBValidator - validation is successful
23:25:52 [main] INFO  Tree.RedBlackTree$RBValidator - validation is successful
23:25:52 [main] INFO  Tree.RedBlackTree$RBValidator - validation is successful
23:25:52 [main] INFO  Tree.RedBlackTree$RBValidator - validation is successful
23:25:52 [main] INFO  Tree.RedBlackTree$RBValidator - validation is successful
23:25:52 [main] INFO  Tree.RedBlackTree$RBValidator - validation is successful
23:25:52 [main] INFO  Tree.RedBlackTree$RBValidator - validation is successful
23:25:52 [main] INFO  Tree.RedBlackTree$RBValidator - validation is successful
23:25:52 [main] INFO  Tree.RedBlackTree$RBValidator - validation is successful
23:25:52 [main] INFO  Tree.RedBlackTree$RBValidator - validation is successful
23:25:52 [main] INFO  Tree.RedBlackTree$RBValidator - validation is successful
23:25:52 [main] INFO  Tree.RedBlackTree$RBValidator - validation is successful
23:25:52 [main] INFO  Tree.RedBlackTree$RBValidator - validation is successful
23:25:52 [main] INFO  Tree.RedBlackTree$RBValidator - validation is successful
23:25:52 [main] INFO  Tree.RedBlackTree$RBValidator - validation is successful
23:25:52 [main] INFO  Tree.RedBlackTree$RBValidator - validation is successful
23:25:52 [main] INFO  Tree.RedBlackTree$RBValidator - validation is successful
23:25:52 [main] INFO  Tree.RedBlackTree$RBValidator - validation is successful
23:25:52 [main] INFO  Tree.RedBlackTree$RBValidator - validation is successful
23:25:52 [main] INFO  Tree.RedBlackTree$RBValidator - validation is successful
23:25:52 [main] INFO  Tree.RedBlackTree$RBValidator - validation is successful
23:25:52 [main] INFO  Tree.RedBlackTree$RBValidator - validation is successful
23:25:52 [main] INFO  Tree.RedBlackTree$RBValidator - validation is successful
23:25:52 [main] INFO  Tree.RedBlackTree$RBValidator - validation is successful
23:25:52 [main] INFO  Tree.RedBlackTree$RBValidator - validation is successful
23:25:52 [main] INFO  Tree.RedBlackTree$RBValidator - validation is successful
23:25:52 [main] INFO  Tree.RedBlackTree$RBValidator - validation is successful
23:25:52 [main] INFO  Tree.RedBlackTree$RBValidator - validation is successful
23:25:52 [main] INFO  Tree.RedBlackTree$RBValidator - validation is successful
23:25:52 [main] INFO  Tree.RedBlackTree$RBValidator - validation is successful
23:25:52 [main] INFO  Tree.RedBlackTree$RBValidator - validation is successful
23:25:52 [main] INFO  Tree.RedBlackTree$RBValidator - validation is successful
23:25:52 [main] INFO  Tree.RedBlackTree$RBValidator - validation is successful
23:25:52 [main] INFO  Tree.RedBlackTree$RBValidator - validation is successful
23:25:52 [main] INFO  Tree.RedBlackTree$RBValidator - validation is successful
23:25:52 [main] INFO  Tree.RedBlackTree$RBValidator - validation is successful
23:25:52 [main] INFO  Tree.RedBlackTree$RBValidator - validation is successful
23:25:52 [main] INFO  Tree.RedBlackTree$RBValidator - validation is successful
23:25:52 [main] INFO  Tree.RedBlackTree$RBValidator - validation is successful
23:25:52 [main] INFO  Tree.RedBlackTree$RBValidator - validation is successful
23:25:52 [main] INFO  Tree.RedBlackTree$RBValidator - validation is successful
23:25:52 [main] INFO  Tree.RedBlackTree$RBValidator - validation is successful
23:25:52 [main] INFO  Tree.RedBlackTree$RBValidator - validation is successful
23:25:52 [main] INFO  Tree.RedBlackTree$RBValidator - validation is successful
23:25:52 [main] INFO  Tree.RedBlackTree$RBValidator - validation is successful
23:25:52 [main] INFO  Tree.RedBlackTree$RBValidator - validation is successful
23:25:52 [main] INFO  Tree.RedBlackTree$RBValidator - validation is successful
23:25:52 [main] INFO  Tree.RedBlackTree$RBValidator - validation is successful
23:25:52 [main] INFO  Tree.RedBlackTree$RBValidator - validation is successful
23:25:52 [main] INFO  Tree.RedBlackTree$RBValidator - validation is successful
23:25:52 [main] INFO  Tree.RedBlackTree$RBValidator - validation is successful
23:25:52 [main] INFO  Tree.RedBlackTree$RBValidator - validation is successful
23:25:52 [main] INFO  Tree.RedBlackTree$RBValidator - validation is successful
23:25:52 [main] INFO  Tree.RedBlackTree$RBValidator - validation is successful
23:25:52 [main] INFO  Tree.RedBlackTree$RBValidator - validation is successful
23:25:52 [main] INFO  Tree.RedBlackTree$RBValidator - validation is successful
23:25:52 [main] INFO  Tree.RedBlackTree$RBValidator - validation is successful
23:25:52 [main] INFO  Tree.RedBlackTree$RBValidator - validation is successful
23:25:52 [main] INFO  Tree.RedBlackTree$RBValidator - validation is successful
23:25:52 [main] INFO  Tree.RedBlackTree$RBValidator - validation is successful
23:25:52 [main] INFO  Tree.RedBlackTree$RBValidator - validation is successful
23:25:52 [main] INFO  Tree.RedBlackTree$RBValidator - validation is successful
23:25:52 [main] INFO  Tree.RedBlackTree$RBValidator - validation is successful
23:25:52 [main] INFO  Tree.RedBlackTree$RBValidator - validation is successful
23:25:52 [main] INFO  Tree.RedBlackTree$RBValidator - validation is successful
23:25:52 [main] INFO  Tree.RedBlackTree$RBValidator - validation is successful
23:25:52 [main] INFO  Tree.RedBlackTree$RBValidator - validation is successful
23:25:52 [main] INFO  Tree.RedBlackTree$RBValidator - validation is successful
23:25:52 [main] INFO  Tree.RedBlackTree$RBValidator - validation is successful
23:25:52 [main] INFO  Tree.RedBlackTree$RBValidator - validation is successful
23:25:52 [main] INFO  Tree.RedBlackTree$RBValidator - validation is successful
23:25:52 [main] INFO  Tree.RedBlackTree$RBValidator - validation is successful
23:25:52 [main] INFO  Tree.RedBlackTree$RBValidator - validation is successful
23:25:52 [main] INFO  Tree.RedBlackTree$RBValidator - validation is successful
23:25:52 [main] INFO  Tree.RedBlackTree$RBValidator - validation is successful
23:25:52 [main] INFO  Tree.RedBlackTree$RBValidator - validation is successful
23:25:52 [main] INFO  Tree.RedBlackTree$RBValidator - validation is successful
23:25:52 [main] INFO  Tree.RedBlackTree$RBValidator - validation is successful
23:25:52 [main] INFO  Tree.RedBlackTree$RBValidator - validation is successful
23:25:52 [main] INFO  Tree.RedBlackTree$RBValidator - validation is successful
23:25:52 [main] INFO  Tree.RedBlackTree$RBValidator - validation is successful
23:25:52 [main] INFO  Tree.RedBlackTree$RBValidator - validation is successful
23:25:52 [main] INFO  Tree.RedBlackTree$RBValidator - validation is successful
23:25:52 [main] INFO  Tree.RedBlackTree$RBValidator - validation is successful
23:25:52 [main] INFO  Tree.RedBlackTree$RBValidator - validation is successful
23:25:52 [main] INFO  Tree.RedBlackTree$RBValidator - validation is successful
23:25:52 [main] INFO  Tree.RedBlackTree$RBValidator - validation is successful
23:25:52 [main] INFO  Tree.RedBlackTree$RBValidator - validation is successful
23:25:52 [main] INFO  Tree.RedBlackTree$RBValidator - validation is successful
23:25:52 [main] INFO  Tree.RedBlackTree$RBValidator - validation is successful
23:25:52 [main] INFO  Tree.RedBlackTree$RBValidator - validation is successful
23:25:52 [main] INFO  Tree.RedBlackTree$RBValidator - validation is successful
23:25:52 [main] INFO  Tree.RedBlackTree$RBValidator - validation is successful
23:25:52 [main] INFO  Tree.RedBlackTree$RBValidator - validation is successful
23:25:52 [main] INFO  Tree.RedBlackTree$RBValidator - validation is successful
23:25:52 [main] INFO  Tree.RedBlackTree$RBValidator - validation is successful
23:25:52 [main] INFO  Tree.RedBlackTree$RBValidator - validation is successful
23:25:52 [main] INFO  Tree.RedBlackTree$RBValidator - validation is successful
23:25:52 [main] INFO  Tree.RedBlackTree$RBValidator - validation is successful
23:25:52 [main] INFO  Tree.RedBlackTree$RBValidator - validation is successful
23:25:52 [main] INFO  Tree.RedBlackTree$RBValidator - validation is successful
23:25:52 [main] INFO  Tree.RedBlackTree$RBValidator - validation is successful
23:25:52 [main] INFO  Tree.RedBlackTree$RBValidator - validation is successful
23:25:52 [main] INFO  Tree.RedBlackTree$RBValidator - validation is successful
23:25:52 [main] INFO  Tree.RedBlackTree$RBValidator - validation is successful
23:25:52 [main] INFO  Tree.RedBlackTree$RBValidator - validation is successful
23:25:52 [main] INFO  Tree.RedBlackTree$RBValidator - validation is successful
23:25:52 [main] INFO  Tree.RedBlackTree$RBValidator - validation is successful
23:25:52 [main] INFO  Tree.RedBlackTree$RBValidator - validation is successful
23:25:52 [main] INFO  Tree.RedBlackTree$RBValidator - validation is successful
]]></system-out>
  </testcase>
  <testcase name="testMultipleInsertions" classname="Tree.RedBlackTreeTest" time="0.001"/>
  <testcase name="testSingleInsertion" classname="Tree.RedBlackTreeTest" time="0.002"/>
  <testcase name="testDeleteLeaf" classname="Tree.RedBlackTreeTest" time="0.001">
    <system-out><![CDATA[23:25:52 [main] INFO  Tree.RedBlackTree$RBValidator - validation is successful
]]></system-out>
  </testcase>
  <testcase name="testDeleteRoot" classname="Tree.RedBlackTreeTest" time="0.0"/>
  <testcase name="testComplexDeletions" classname="Tree.RedBlackTreeTest" time="0.001">
    <system-out><![CDATA[23:25:52 [main] INFO  Tree.RedBlackTree$RBValidator - validation is successful
23:25:52 [main] INFO  Tree.RedBlackTree$RBValidator - validation is successful
23:25:52 [main] INFO  Tree.RedBlackTree$RBValidator - validation is successful
23:25:52 [main] INFO  Tree.RedBlackTree$RBValidator - validation is successful
23:25:52 [main] INFO  Tree.RedBlackTree$RBValidator - validation is successful
]]></system-out>
  </testcase>
</testsuite>